0 verbose cli /usr/local/bin/node /usr/local/bin/npm
1 info using npm@8.6.0
2 info using node@v18.0.0
3 timing npm:load:whichnode Completed in 0ms
4 timing config:load:defaults Completed in 1ms
5 timing config:load:file:/usr/local/lib/node_modules/npm/npmrc Completed in 1ms
6 timing config:load:builtin Completed in 1ms
7 timing config:load:cli Completed in 1ms
8 timing config:load:env Completed in 1ms
9 timing config:load:project Completed in 4ms
10 timing config:load:file:/home/node/.npmrc Completed in 0ms
11 timing config:load:user Completed in 0ms
12 timing config:load:file:/usr/local/etc/npmrc Completed in 0ms
13 timing config:load:global Completed in 0ms
14 timing config:load:validate Completed in 0ms
15 timing config:load:credentials Completed in 1ms
16 timing config:load:setEnvs Completed in 1ms
17 timing config:load Completed in 11ms
18 timing npm:load:configload Completed in 11ms
19 timing npm:load:mkdirpcache Completed in 1ms
20 timing npm:load:mkdirplogs Completed in 0ms
21 verbose title npm i
22 verbose argv "i" "--global"
23 timing npm:load:setTitle Completed in 0ms
24 timing config:load:flatten Completed in 7ms
25 timing npm:load:display Completed in 9ms
26 verbose logfile logs-max:10 dir:/home/node/.npm/_logs
27 verbose logfile /home/node/.npm/_logs/2022-12-02T20_41_12_693Z-debug-0.log
28 timing npm:load:logFile Completed in 25ms
29 timing npm:load:timers Completed in 1ms
30 timing npm:load:configScope Completed in 0ms
31 timing npm:load Completed in 48ms
32 timing arborist:ctor Completed in 0ms
33 silly logfile done cleaning log files
34 timing idealTree:init Completed in 4ms
35 timing idealTree:userRequests Completed in 6ms
36 silly idealTree buildDeps
37 silly placeDep ROOT javascript-os@1.0.0 OK for:  want: file:../../../home/node
38 timing idealTree:#root Completed in 9ms
39 timing idealTree:node_modules/javascript-os Completed in 0ms
40 timing idealTree:buildDeps Completed in 11ms
41 timing idealTree:fixDepFlags Completed in 1ms
42 timing idealTree Completed in 22ms
43 timing reify:loadTrees Completed in 23ms
44 timing reify:diffTrees Completed in 1ms
45 silly reify moves {}
46 timing reify:retireShallow Completed in 1ms
47 timing reify:createSparse Completed in 0ms
48 timing reify:loadBundles Completed in 0ms
49 silly audit bulk request { 'javascript-os': [ '1.0.0' ] }
50 timing reify:rollback:createSparse Completed in 0ms
51 timing reify:rollback:retireShallow Completed in 0ms
52 timing command:i Completed in 117ms
53 verbose stack Error: EACCES: permission denied, symlink '../../../../home/node' -> '/usr/local/lib/node_modules/javascript-os'
54 verbose cwd /home/node
55 verbose Linux 5.15.49-linuxkit
56 verbose node v18.0.0
57 verbose npm  v8.6.0
58 error code EACCES
59 error syscall symlink
60 error path ../../../../home/node
61 error dest /usr/local/lib/node_modules/javascript-os
62 error errno -13
63 error [Error: EACCES: permission denied, symlink '../../../../home/node' -> '/usr/local/lib/node_modules/javascript-os'] {
63 error   errno: -13,
63 error   code: 'EACCES',
63 error   syscall: 'symlink',
63 error   path: '../../../../home/node',
63 error   dest: '/usr/local/lib/node_modules/javascript-os'
63 error }
64 error
64 error The operation was rejected by your operating system.
64 error It is likely you do not have the permissions to access this file as the current user
64 error
64 error If you believe this might be a permissions issue, please double-check the
64 error permissions of the file and its containing directories, or try running
64 error the command again as root/Administrator.
65 verbose exit -13
66 timing npm Completed in 215ms
67 verbose unfinished npm timer reify 1670013672785
68 verbose unfinished npm timer reify:audit 1670013672818
69 verbose unfinished npm timer auditReport:getReport 1670013672818
70 verbose unfinished npm timer reify:unpack 1670013672823
71 verbose unfinished npm timer reifyNode:node_modules/javascript-os 1670013672823
72 verbose code -13
73 error A complete log of this run can be found in:
73 error     /home/node/.npm/_logs/2022-12-02T20_41_12_693Z-debug-0.log
