0 verbose cli /usr/local/bin/node /usr/local/bin/npm
1 info using npm@8.6.0
2 info using node@v18.0.0
3 timing npm:load:whichnode Completed in 1ms
4 timing config:load:defaults Completed in 1ms
5 timing config:load:file:/usr/local/lib/node_modules/npm/npmrc Completed in 1ms
6 timing config:load:builtin Completed in 1ms
7 timing config:load:cli Completed in 1ms
8 timing config:load:env Completed in 0ms
9 timing config:load:project Completed in 5ms
10 timing config:load:file:/home/node/.npmrc Completed in 0ms
11 timing config:load:user Completed in 0ms
12 timing config:load:file:/usr/local/etc/npmrc Completed in 0ms
13 timing config:load:global Completed in 0ms
14 timing config:load:validate Completed in 0ms
15 timing config:load:credentials Completed in 1ms
16 timing config:load:setEnvs Completed in 0ms
17 timing config:load Completed in 9ms
18 timing npm:load:configload Completed in 9ms
19 timing npm:load:mkdirpcache Completed in 1ms
20 timing npm:load:mkdirplogs Completed in 1ms
21 verbose title npm install
22 verbose argv "install"
23 timing npm:load:setTitle Completed in 0ms
24 timing config:load:flatten Completed in 1ms
25 timing npm:load:display Completed in 3ms
26 verbose logfile logs-max:10 dir:/home/node/.npm/_logs
27 verbose logfile /home/node/.npm/_logs/2022-12-02T20_33_44_885Z-debug-0.log
28 timing npm:load:logFile Completed in 14ms
29 timing npm:load:timers Completed in 0ms
30 timing npm:load:configScope Completed in 0ms
31 timing npm:load Completed in 30ms
32 timing arborist:ctor Completed in 1ms
33 silly logfile done cleaning log files
34 timing idealTree:init Completed in 135ms
35 timing idealTree:userRequests Completed in 0ms
36 silly idealTree buildDeps
37 timing idealTree:#root Completed in 0ms
38 timing idealTree:buildDeps Completed in 2ms
39 timing idealTree:fixDepFlags Completed in 0ms
40 timing idealTree Completed in 140ms
41 timing command:install Completed in 150ms
42 verbose stack Error: Unsupported platform
42 verbose stack     at checkPlatform (/usr/local/lib/node_modules/npm/node_modules/npm-install-checks/index.js:35:25)
42 verbose stack     at [checkPlatform] (/usr/local/lib/node_modules/npm/node_modules/@npmcli/arborist/lib/arborist/build-ideal-tree.js:238:5)
42 verbose stack     at [checkEngineAndPlatform] (/usr/local/lib/node_modules/npm/node_modules/@npmcli/arborist/lib/arborist/build-ideal-tree.js:232:29)
42 verbose stack     at Arborist.buildIdealTree (/usr/local/lib/node_modules/npm/node_modules/@npmcli/arborist/lib/arborist/build-ideal-tree.js:219:42)
42 verbose stack     at async Promise.all (index 1)
42 verbose stack     at async Arborist.reify (/usr/local/lib/node_modules/npm/node_modules/@npmcli/arborist/lib/arborist/reify.js:153:5)
42 verbose stack     at async Install.exec (/usr/local/lib/node_modules/npm/lib/commands/install.js:159:5)
42 verbose stack     at async module.exports (/usr/local/lib/node_modules/npm/lib/cli.js:78:5)
43 verbose pkgid esbuild-linux-64@0.15.12
44 verbose cwd /home/node
45 verbose Linux 5.15.49-linuxkit
46 verbose node v18.0.0
47 verbose npm  v8.6.0
48 error code EBADPLATFORM
49 error notsup Unsupported platform for esbuild-linux-64@0.15.12: wanted {"os":"linux","arch":"x64"} (current: {"os":"linux","arch":"arm64"})
50 error notsup Valid OS:    linux
50 error notsup Valid Arch:  x64
50 error notsup Actual OS:   linux
50 error notsup Actual Arch: arm64
51 verbose exit 1
52 timing npm Completed in 218ms
53 verbose unfinished npm timer reify 1670013224953
54 verbose unfinished npm timer reify:loadTrees 1670013224959
55 verbose code 1
56 error A complete log of this run can be found in:
56 error     /home/node/.npm/_logs/2022-12-02T20_33_44_885Z-debug-0.log
