0 verbose cli /usr/local/bin/node /usr/local/bin/npm
1 info using npm@8.6.0
2 info using node@v18.0.0
3 timing npm:load:whichnode Completed in 0ms
4 timing config:load:defaults Completed in 1ms
5 timing config:load:file:/usr/local/lib/node_modules/npm/npmrc Completed in 1ms
6 timing config:load:builtin Completed in 2ms
7 timing config:load:cli Completed in 2ms
8 timing config:load:env Completed in 0ms
9 timing config:load:project Completed in 5ms
10 timing config:load:file:/home/node/.npmrc Completed in 1ms
11 timing config:load:user Completed in 1ms
12 timing config:load:file:/usr/local/etc/npmrc Completed in 0ms
13 timing config:load:global Completed in 0ms
14 timing config:load:validate Completed in 0ms
15 timing config:load:credentials Completed in 0ms
16 timing config:load:setEnvs Completed in 0ms
17 timing config:load Completed in 13ms
18 timing npm:load:configload Completed in 13ms
19 timing npm:load:mkdirpcache Completed in 2ms
20 timing npm:load:mkdirplogs Completed in 1ms
21 verbose title npm install
22 verbose argv "install" "--force"
23 timing npm:load:setTitle Completed in 0ms
24 timing config:load:flatten Completed in 2ms
25 timing npm:load:display Completed in 3ms
26 verbose logfile logs-max:10 dir:/home/node/.npm/_logs
27 verbose logfile /home/node/.npm/_logs/2022-10-20T19_03_37_742Z-debug-0.log
28 timing npm:load:logFile Completed in 28ms
29 timing npm:load:timers Completed in 0ms
30 timing npm:load:configScope Completed in 0ms
31 warn using --force Recommended protections disabled.
32 timing npm:load Completed in 53ms
33 timing arborist:ctor Completed in 1ms
34 silly logfile done cleaning log files
35 timing idealTree:init Completed in 185ms
36 timing idealTree:userRequests Completed in 0ms
37 silly idealTree buildDeps
38 timing idealTree:#root Completed in 0ms
39 timing idealTree:buildDeps Completed in 4ms
40 timing idealTree:fixDepFlags Completed in 1ms
41 timing idealTree Completed in 193ms
42 timing arborist:ctor Completed in 0ms
43 timing reify:loadTrees Completed in 465ms
44 timing reify:diffTrees Completed in 60ms
45 silly reify moves {}
46 timing reify:retireShallow Completed in 1ms
47 timing reify:createSparse Completed in 95ms
48 timing reify:loadBundles Completed in 0ms
49 silly audit bulk request {
49 silly audit   '@babel/code-frame': [ '7.18.6' ],
49 silly audit   '@babel/helper-validator-identifier': [ '7.19.1' ],
49 silly audit   '@babel/highlight': [ '7.18.6' ],
49 silly audit   'ansi-styles': [ '3.2.1', '4.3.0' ],
49 silly audit   chalk: [ '2.4.2', '4.1.2' ],
49 silly audit   'color-convert': [ '1.9.3', '2.0.1' ],
49 silly audit   'color-name': [ '1.1.3', '1.1.4' ],
49 silly audit   'has-flag': [ '3.0.0', '4.0.0' ],
49 silly audit   'supports-color': [ '5.5.0', '7.2.0' ],
49 silly audit   '@esbuild/android-arm': [ '0.15.12' ],
49 silly audit   '@esbuild/linux-loong64': [ '0.15.12' ],
49 silly audit   '@gar/promisify': [ '1.1.3' ],
49 silly audit   '@npmcli/fs': [ '1.1.1' ],
49 silly audit   '@npmcli/move-file': [ '1.1.2' ],
49 silly audit   '@tootallnate/once': [ '1.1.2' ],
49 silly audit   '@types/minimist': [ '1.2.2' ],
49 silly audit   '@types/normalize-package-data': [ '2.4.1' ],
49 silly audit   abbrev: [ '1.1.1' ],
49 silly audit   'agent-base': [ '6.0.2' ],
49 silly audit   agentkeepalive: [ '4.2.1' ],
49 silly audit   'aggregate-error': [ '3.1.0' ],
49 silly audit   ajv: [ '6.12.6' ],
49 silly audit   'ansi-regex': [ '5.0.1' ],
49 silly audit   anymatch: [ '3.1.2' ],
49 silly audit   aproba: [ '2.0.0' ],
49 silly audit   'are-we-there-yet': [ '2.0.0', '3.0.1' ],
49 silly audit   arrify: [ '1.0.1' ],
49 silly audit   asn1: [ '0.2.6' ],
49 silly audit   'assert-plus': [ '1.0.0' ],
49 silly audit   'async-foreach': [ '0.1.3' ],
49 silly audit   asynckit: [ '0.4.0' ],
49 silly audit   'aws-sign2': [ '0.7.0' ],
49 silly audit   aws4: [ '1.11.0' ],
49 silly audit   'balanced-match': [ '1.0.2' ],
49 silly audit   'bcrypt-pbkdf': [ '1.0.2' ],
49 silly audit   'binary-extensions': [ '2.2.0' ],
49 silly audit   'brace-expansion': [ '1.1.11' ],
49 silly audit   braces: [ '3.0.2' ],
49 silly audit   cacache: [ '15.3.0' ],
49 silly audit   'call-bind': [ '1.0.2' ],
49 silly audit   camelcase: [ '5.3.1' ],
49 silly audit   'camelcase-keys': [ '6.2.2' ],
49 silly audit   caseless: [ '0.12.0' ],
49 silly audit   chokidar: [ '3.5.3' ],
49 silly audit   chownr: [ '2.0.0' ],
49 silly audit   'clean-stack': [ '2.2.0' ],
49 silly audit   cliui: [ '8.0.1' ],
49 silly audit   'color-support': [ '1.1.3' ],
49 silly audit   'combined-stream': [ '1.0.8' ],
49 silly audit   'concat-map': [ '0.0.1' ],
49 silly audit   'console-control-strings': [ '1.1.0' ],
49 silly audit   'core-util-is': [ '1.0.3', '1.0.2' ],
49 silly audit   'cross-spawn': [ '7.0.3' ],
49 silly audit   dashdash: [ '1.14.1' ],
49 silly audit   debug: [ '4.3.4' ],
49 silly audit   ms: [ '2.1.2', '2.1.3' ],
49 silly audit   decamelize: [ '1.2.0' ],
49 silly audit   'decamelize-keys': [ '1.1.0' ],
49 silly audit   'map-obj': [ '1.0.1', '4.3.0' ],
49 silly audit   'delayed-stream': [ '1.0.0' ],
49 silly audit   delegates: [ '1.0.0' ],
49 silly audit   depd: [ '1.1.2' ],
49 silly audit   'ecc-jsbn': [ '0.1.2' ],
49 silly audit   'emoji-regex': [ '8.0.0' ],
49 silly audit   encoding: [ '0.1.13' ],
49 silly audit   'env-paths': [ '2.2.1' ],
49 silly audit   'err-code': [ '2.0.3' ],
49 silly audit   'error-ex': [ '1.3.2' ],
49 silly audit   esbuild: [ '0.15.12' ],
49 silly audit   'esbuild-android-64': [ '0.15.12' ],
49 silly audit   'esbuild-android-arm64': [ '0.15.12' ],
49 silly audit   'esbuild-darwin-64': [ '0.15.12' ],
49 silly audit   'esbuild-darwin-arm64': [ '0.15.12' ],
49 silly audit   'esbuild-freebsd-64': [ '0.15.12' ],
49 silly audit   'esbuild-freebsd-arm64': [ '0.15.12' ],
49 silly audit   'esbuild-linux-32': [ '0.15.12' ],
49 silly audit   'esbuild-linux-64': [ '0.15.12' ],
49 silly audit   'esbuild-linux-arm': [ '0.15.12' ],
49 silly audit   'esbuild-linux-arm64': [ '0.15.12' ],
49 silly audit   'esbuild-linux-mips64le': [ '0.15.12' ],
49 silly audit   'esbuild-linux-ppc64le': [ '0.15.12' ],
49 silly audit   'esbuild-linux-riscv64': [ '0.15.12' ],
49 silly audit   'esbuild-linux-s390x': [ '0.15.12' ],
49 silly audit   'esbuild-netbsd-64': [ '0.15.12' ],
49 silly audit   'esbuild-openbsd-64': [ '0.15.12' ],
49 silly audit   'esbuild-sunos-64': [ '0.15.12' ],
49 silly audit   'esbuild-windows-32': [ '0.15.12' ],
49 silly audit   'esbuild-windows-64': [ '0.15.12' ],
49 silly audit   'esbuild-windows-arm64': [ '0.15.12' ],
49 silly audit   escalade: [ '3.1.1' ],
49 silly audit   'escape-string-regexp': [ '1.0.5' ],
49 silly audit   extend: [ '3.0.2' ],
49 silly audit   extsprintf: [ '1.4.1', '1.3.0' ],
49 silly audit   'fast-deep-equal': [ '3.1.3' ],
49 silly audit   'fast-json-stable-stringify': [ '2.1.0' ],
49 silly audit   'fill-range': [ '7.0.1' ],
49 silly audit   'find-up': [ '4.1.0' ],
49 silly audit   'forever-agent': [ '0.6.1' ],
49 silly audit   'form-data': [ '2.5.1', '2.3.3' ],
49 silly audit   'fs-minipass': [ '2.1.0' ],
49 silly audit   'fs.realpath': [ '1.0.0' ],
49 silly audit   fsevents: [ '2.3.2' ],
49 silly audit   'function-bind': [ '1.1.1' ],
49 silly audit   gauge: [ '3.0.2', '4.0.4' ],
49 silly audit   gaze: [ '1.1.3' ],
49 silly audit   'get-caller-file': [ '2.0.5' ],
49 silly audit   'get-intrinsic': [ '1.1.3' ],
49 silly audit   'get-stdin': [ '4.0.1' ],
49 silly audit   getpass: [ '0.1.7' ],
49 silly audit   glob: [ '7.2.3', '7.1.7' ],
49 silly audit   'glob-parent': [ '5.1.2' ],
49 silly audit   globule: [ '1.3.4' ],
49 silly audit   minimatch: [ '3.0.8', '3.1.2' ],
49 silly audit   'graceful-fs': [ '4.2.10' ],
49 silly audit   'har-schema': [ '2.0.0' ],
49 silly audit   'har-validator': [ '5.1.5' ],
49 silly audit   'hard-rejection': [ '2.1.0' ],
49 silly audit   has: [ '1.0.3' ],
49 silly audit   'has-symbols': [ '1.0.3' ],
49 silly audit   'has-unicode': [ '2.0.1' ],
49 silly audit   'hosted-git-info': [ '4.1.0', '2.8.9' ],
49 silly audit   'http-cache-semantics': [ '4.1.0' ],
49 silly audit   'http-proxy-agent': [ '4.0.1' ],
49 silly audit   'http-signature': [ '1.3.6', '1.2.0' ],
49 silly audit   jsprim: [ '2.0.2', '1.4.2' ],
49 silly audit   verror: [ '1.10.0', '1.10.1' ],
49 silly audit   'https-proxy-agent': [ '5.0.1' ],
49 silly audit   'humanize-ms': [ '1.2.1' ],
49 silly audit   'iconv-lite': [ '0.6.3' ],
49 silly audit   immutable: [ '4.1.0' ],
49 silly audit   imurmurhash: [ '0.1.4' ],
49 silly audit   'indent-string': [ '4.0.0' ],
49 silly audit   'infer-owner': [ '1.0.4' ],
49 silly audit   inflight: [ '1.0.6' ],
49 silly audit   inherits: [ '2.0.4' ],
49 silly audit   ip: [ '2.0.0' ],
49 silly audit   'is-arrayish': [ '0.2.1' ],
49 silly audit   'is-binary-path': [ '2.1.0' ],
49 silly audit   'is-core-module': [ '2.11.0' ],
49 silly audit   'is-extglob': [ '2.1.1' ],
49 silly audit   'is-fullwidth-code-point': [ '3.0.0' ],
49 silly audit   'is-glob': [ '4.0.3' ],
49 silly audit   'is-lambda': [ '1.0.1' ],
49 silly audit   'is-number': [ '7.0.0' ],
49 silly audit   'is-plain-obj': [ '1.1.0' ],
49 silly audit   'is-typedarray': [ '1.0.0' ],
49 silly audit   isarray: [ '1.0.0' ],
49 silly audit   isexe: [ '2.0.0' ],
49 silly audit   isstream: [ '0.1.2' ],
49 silly audit   'js-base64': [ '2.6.4' ],
49 silly audit   'js-tokens': [ '4.0.0' ],
49 silly audit   jsbn: [ '0.1.1' ],
49 silly audit   'json-parse-even-better-errors': [ '2.3.1' ],
49 silly audit   'json-schema': [ '0.4.0' ],
49 silly audit   'json-schema-traverse': [ '0.4.1' ],
49 silly audit   'json-stringify-safe': [ '5.0.1' ],
49 silly audit   'kind-of': [ '6.0.3' ],
49 silly audit   'lines-and-columns': [ '1.2.4' ],
49 silly audit   'locate-path': [ '5.0.0' ],
49 silly audit   lodash: [ '4.17.21' ],
49 silly audit   'lru-cache': [ '6.0.0' ],
49 silly audit   'make-fetch-happen': [ '9.1.0' ],
49 silly audit   meow: [ '9.0.0' ],
49 silly audit   'mime-db': [ '1.52.0' ],
49 silly audit   'mime-types': [ '2.1.35' ],
49 silly audit   'min-indent': [ '1.0.1' ],
49 silly audit   'minimist-options': [ '4.1.0' ],
49 silly audit   minipass: [ '3.3.4' ],
49 silly audit   'minipass-collect': [ '1.0.2' ],
49 silly audit   'minipass-fetch': [ '1.4.1' ],
49 silly audit   'minipass-flush': [ '1.0.5' ],
49 silly audit   'minipass-pipeline': [ '1.2.4' ],
49 silly audit   'minipass-sized': [ '1.0.3' ],
49 silly audit   minizlib: [ '2.1.2' ],
49 silly audit   mkdirp: [ '1.0.4' ],
49 silly audit   nan: [ '2.17.0' ],
49 silly audit   nanoid: [ '3.3.4' ],
49 silly audit   negotiator: [ '0.6.3' ],
49 silly audit   'node-gyp': [ '8.4.1' ],
49 silly audit   npmlog: [ '6.0.2', '5.0.1' ],
49 silly audit   'node-sass': [ '7.0.3' ],
49 silly audit   nopt: [ '5.0.0' ],
49 silly audit   'normalize-package-data': [ '3.0.3', '2.5.0' ],
49 silly audit   'normalize-path': [ '3.0.0' ],
49 silly audit   'oauth-sign': [ '0.9.0' ],
49 silly audit   'object-assign': [ '4.1.1' ],
49 silly audit   'object-inspect': [ '1.12.2' ],
49 silly audit   once: [ '1.4.0' ],
49 silly audit   'p-limit': [ '2.3.0' ],
49 silly audit   'p-locate': [ '4.1.0' ],
49 silly audit   'p-map': [ '4.0.0' ],
49 silly audit   'p-try': [ '2.2.0' ],
49 silly audit   'parse-json': [ '5.2.0' ],
49 silly audit   'path-exists': [ '4.0.0' ],
49 silly audit   'path-is-absolute': [ '1.0.1' ],
49 silly audit   'path-key': [ '3.1.1' ],
49 silly audit   'path-parse': [ '1.0.7' ],
49 silly audit   'performance-now': [ '2.1.0' ],
49 silly audit   picocolors: [ '1.0.0' ],
49 silly audit   picomatch: [ '2.3.1' ],
49 silly audit   postcss: [ '8.4.18' ],
49 silly audit   'process-nextick-args': [ '2.0.1' ],
49 silly audit   'promise-inflight': [ '1.0.1' ],
49 silly audit   'promise-retry': [ '2.0.1' ],
49 silly audit   psl: [ '1.9.0' ],
49 silly audit   punycode: [ '2.1.1' ],
49 silly audit   qs: [ '6.11.0', '6.5.3' ],
49 silly audit   'quick-lru': [ '4.0.1' ],
49 silly audit   'read-pkg': [ '5.2.0' ],
49 silly audit   'read-pkg-up': [ '7.0.1' ],
49 silly audit   'type-fest': [ '0.8.1', '0.6.0', '0.18.1' ],
49 silly audit   semver: [ '5.7.1', '7.3.8' ],
49 silly audit   'readable-stream': [ '3.6.0', '2.3.7' ],
49 silly audit   readdirp: [ '3.6.0' ],
49 silly audit   redent: [ '3.0.0' ],
49 silly audit   request: [ '2.88.2' ],
49 silly audit   'require-directory': [ '2.1.1' ],
49 silly audit   resolve: [ '1.22.1' ],
49 silly audit   retry: [ '0.12.0' ],
49 silly audit   rimraf: [ '3.0.2' ],
49 silly audit   rollup: [ '2.79.1', '2.78.1' ],
49 silly audit   'safe-buffer': [ '5.2.1', '5.1.2' ],
49 silly audit   'safer-buffer': [ '2.1.2' ],
49 silly audit   sass: [ '1.55.0' ],
49 silly audit   'sass-graph': [ '4.0.1' ],
49 silly audit   'scss-tokenizer': [ '0.4.3' ],
49 silly audit   'set-blocking': [ '2.0.0' ],
49 silly audit   'shebang-command': [ '2.0.0' ],
49 silly audit   'shebang-regex': [ '3.0.0' ],
49 silly audit   'side-channel': [ '1.0.4' ],
49 silly audit   'signal-exit': [ '3.0.7' ],
49 silly audit   'smart-buffer': [ '4.2.0' ],
49 silly audit   socks: [ '2.7.1' ],
49 silly audit   'socks-proxy-agent': [ '6.2.1' ],
49 silly audit   'source-map': [ '0.7.4' ],
49 silly audit   'source-map-js': [ '1.0.2' ],
49 silly audit   'spdx-correct': [ '3.1.1' ],
49 silly audit   'spdx-exceptions': [ '2.3.0' ],
49 silly audit   'spdx-expression-parse': [ '3.0.1' ],
49 silly audit   'spdx-license-ids': [ '3.0.12' ],
49 silly audit   sshpk: [ '1.17.0' ],
49 silly audit   ssri: [ '8.0.1' ],
49 silly audit   'stdout-stream': [ '1.4.1' ],
49 silly audit   string_decoder: [ '1.1.1', '1.3.0' ],
49 silly audit   'string-width': [ '4.2.3' ],
49 silly audit   'strip-ansi': [ '6.0.1' ],
49 silly audit   'strip-indent': [ '3.0.0' ],
49 silly audit   'supports-preserve-symlinks-flag': [ '1.0.0' ],
49 silly audit   tar: [ '6.1.11' ],
49 silly audit   'to-regex-range': [ '5.0.1' ],
49 silly audit   'tough-cookie': [ '2.5.0' ],
49 silly audit   'trim-newlines': [ '3.0.1' ],
49 silly audit   'true-case-path': [ '1.0.3' ],
49 silly audit   'tunnel-agent': [ '0.6.0' ],
49 silly audit   tweetnacl: [ '0.14.5' ],
49 silly audit   'unique-filename': [ '1.1.1' ],
49 silly audit   'unique-slug': [ '2.0.2' ],
49 silly audit   'uri-js': [ '4.4.1' ],
49 silly audit   'util-deprecate': [ '1.0.2' ],
49 silly audit   uuid: [ '3.4.0' ],
49 silly audit   'validate-npm-package-license': [ '3.0.4' ],
49 silly audit   vite: [ '3.1.3' ],
49 silly audit   which: [ '2.0.2' ],
49 silly audit   'wide-align': [ '1.1.5' ],
49 silly audit   'wrap-ansi': [ '7.0.0' ],
49 silly audit   wrappy: [ '1.0.2' ],
49 silly audit   y18n: [ '5.0.8' ],
49 silly audit   yallist: [ '4.0.0' ],
49 silly audit   yargs: [ '17.6.0' ],
49 silly audit   'yargs-parser': [ '20.2.9', '21.1.1' ]
49 silly audit }
50 verbose reify failed optional dependency /home/node/node_modules/esbuild-windows-arm64
51 silly reify mark deleted [ '/home/node/node_modules/esbuild-windows-arm64' ]
52 verbose reify failed optional dependency /home/node/node_modules/esbuild-windows-64
53 silly reify mark deleted [ '/home/node/node_modules/esbuild-windows-64' ]
54 verbose reify failed optional dependency /home/node/node_modules/esbuild-windows-32
55 silly reify mark deleted [ '/home/node/node_modules/esbuild-windows-32' ]
56 verbose reify failed optional dependency /home/node/node_modules/esbuild-sunos-64
57 silly reify mark deleted [ '/home/node/node_modules/esbuild-sunos-64' ]
58 verbose reify failed optional dependency /home/node/node_modules/esbuild-openbsd-64
59 silly reify mark deleted [ '/home/node/node_modules/esbuild-openbsd-64' ]
60 verbose reify failed optional dependency /home/node/node_modules/esbuild-netbsd-64
61 silly reify mark deleted [ '/home/node/node_modules/esbuild-netbsd-64' ]
62 verbose reify failed optional dependency /home/node/node_modules/esbuild-linux-s390x
63 silly reify mark deleted [ '/home/node/node_modules/esbuild-linux-s390x' ]
64 verbose reify failed optional dependency /home/node/node_modules/esbuild-linux-riscv64
65 silly reify mark deleted [ '/home/node/node_modules/esbuild-linux-riscv64' ]
66 verbose reify failed optional dependency /home/node/node_modules/esbuild-linux-ppc64le
67 silly reify mark deleted [ '/home/node/node_modules/esbuild-linux-ppc64le' ]
68 verbose reify failed optional dependency /home/node/node_modules/esbuild-linux-mips64le
69 silly reify mark deleted [ '/home/node/node_modules/esbuild-linux-mips64le' ]
70 verbose reify failed optional dependency /home/node/node_modules/esbuild-linux-arm
71 silly reify mark deleted [ '/home/node/node_modules/esbuild-linux-arm' ]
72 verbose reify failed optional dependency /home/node/node_modules/esbuild-linux-32
73 silly reify mark deleted [ '/home/node/node_modules/esbuild-linux-32' ]
74 verbose reify failed optional dependency /home/node/node_modules/esbuild-freebsd-arm64
75 silly reify mark deleted [ '/home/node/node_modules/esbuild-freebsd-arm64' ]
76 verbose reify failed optional dependency /home/node/node_modules/esbuild-freebsd-64
77 silly reify mark deleted [ '/home/node/node_modules/esbuild-freebsd-64' ]
78 verbose reify failed optional dependency /home/node/node_modules/esbuild-darwin-64
79 silly reify mark deleted [ '/home/node/node_modules/esbuild-darwin-64' ]
80 verbose reify failed optional dependency /home/node/node_modules/esbuild-android-arm64
81 silly reify mark deleted [ '/home/node/node_modules/esbuild-android-arm64' ]
82 verbose reify failed optional dependency /home/node/node_modules/esbuild-android-64
83 silly reify mark deleted [ '/home/node/node_modules/esbuild-android-64' ]
84 verbose reify failed optional dependency /home/node/node_modules/@esbuild/linux-loong64
85 silly reify mark deleted [ '/home/node/node_modules/@esbuild/linux-loong64' ]
86 verbose reify failed optional dependency /home/node/node_modules/@esbuild/android-arm
87 silly reify mark deleted [ '/home/node/node_modules/@esbuild/android-arm' ]
88 timing reifyNode:node_modules/esbuild-windows-arm64 Completed in 31ms
89 timing reifyNode:node_modules/esbuild-windows-64 Completed in 32ms
90 timing reifyNode:node_modules/esbuild-windows-32 Completed in 31ms
91 timing reifyNode:node_modules/esbuild-sunos-64 Completed in 32ms
92 timing reifyNode:node_modules/esbuild-openbsd-64 Completed in 33ms
93 timing reifyNode:node_modules/esbuild-netbsd-64 Completed in 34ms
94 timing reifyNode:node_modules/esbuild-linux-s390x Completed in 34ms
95 timing reifyNode:node_modules/esbuild-linux-riscv64 Completed in 35ms
96 timing reifyNode:node_modules/esbuild-linux-ppc64le Completed in 36ms
97 timing reifyNode:node_modules/esbuild-linux-mips64le Completed in 36ms
98 timing reifyNode:node_modules/esbuild-linux-arm Completed in 37ms
99 timing reifyNode:node_modules/esbuild-linux-32 Completed in 38ms
100 timing reifyNode:node_modules/esbuild-freebsd-arm64 Completed in 38ms
101 timing reifyNode:node_modules/esbuild-freebsd-64 Completed in 39ms
102 timing reifyNode:node_modules/esbuild-darwin-64 Completed in 39ms
103 timing reifyNode:node_modules/esbuild-android-arm64 Completed in 39ms
104 timing reifyNode:node_modules/esbuild-android-64 Completed in 40ms
105 timing reifyNode:node_modules/@esbuild/linux-loong64 Completed in 41ms
106 timing reifyNode:node_modules/@esbuild/android-arm Completed in 41ms
107 silly tarball no local data for esbuild-linux-arm64@https://registry.npmjs.org/esbuild-linux-arm64/-/esbuild-linux-arm64-0.15.12.tgz. Extracting by manifest.
108 http fetch GET 200 https://registry.npmjs.org/npm 753ms (cache miss)
109 http fetch POST 200 https://registry.npmjs.org/-/npm/v1/security/advisories/bulk 280ms
110 timing auditReport:getReport Completed in 296ms
111 silly audit report {}
112 timing auditReport:init Completed in 0ms
113 timing reify:audit Completed in 300ms
114 http fetch GET 200 https://registry.npmjs.org/esbuild-linux-arm64/-/esbuild-linux-arm64-0.15.12.tgz 1291ms (cache miss)
115 timing reifyNode:node_modules/esbuild-linux-arm64 Completed in 1345ms
116 timing reify:unpack Completed in 1348ms
117 timing reify:unretire Completed in 0ms
118 timing build:queue Completed in 14ms
119 timing build:deps Completed in 16ms
120 timing build Completed in 18ms
121 timing reify:build Completed in 19ms
122 timing reify:trash Completed in 46ms
123 timing reify:save Completed in 102ms
124 timing reify Completed in 2212ms
125 silly ADD
126 silly ADD
127 silly ADD
128 silly ADD
129 silly ADD
130 silly ADD
131 silly ADD
132 silly ADD
133 silly ADD
134 silly ADD
135 silly ADD node_modules/esbuild-linux-arm64
136 silly ADD
137 silly ADD
138 silly ADD
139 silly ADD
140 silly ADD
141 silly ADD
142 silly ADD
143 silly ADD
144 silly ADD
145 timing command:install Completed in 2260ms
146 notice
146 notice New [33mminor[39m version of npm available! [31m8.6.0[39m -> [32m8.19.2[39m
146 notice Changelog: [36mhttps://github.com/npm/cli/releases/tag/v8.19.2[39m
146 notice Run [32mnpm install -g npm@8.19.2[39m to update!
146 notice
147 verbose exit 0
148 timing npm Completed in 2352ms
149 info ok
